
ROM used: 206 (1%)
          206 (1%) including unused fragments

          0 Average locations per line
          8 Average locations per statement

RAM used: 6 (0%) at main() level
          7 (0%) worst case

Stack used: 1 worst case (out of 31 total available)

Lines Stmts  %   Files
----- ----- ---  -----
   53    25 100  main.c
   36     0   0  main.h
  451     0   0  C:\Program Files (x86)\PICC\devices\18F4550.h
----- -----
  540    25 Total

Page ROM  %  RAM   Vol Diff  Functions:
---- --- --- ---   --- ----  ----------
0     38   9   1             @delay_ms1
0    164  40   1   538  2.9  MAIN

Program metrics:
    Functions               1
    Statements              25
    Comments                109
    Volume (V)              541
    Difficilty (D)          2.8
    Effort to implement (E) 1521
    Time to implement (T)   1 minutes
    Est Delivered Bugs (B)  0
    Cyclomatic Complexity   1
    Maintainability (MI)    63

 Segment     Used  Free
-----------  ----  ----
00000-00002     4  0  
00004-07FFE   202  32562  



