CCS PCH C Compiler, Version 4.104, 5967               11-mar.-18 10:40

               Filename: F:\Archivos\PIC\Clase1\P2_1\main.lst

               ROM used: 122 bytes (0%)
                         Largest free fragment is 32646
               RAM used: 5 (0%) at main() level
                         6 (0%) worst case
               Stack:    1 locations

*
0000:  GOTO   002A
.................... #include "F:\Archivos\PIC\Clase1\P2_1\main.h" 
.................... #include <18F4550.h> 
.................... //////// Standard Header file for the PIC18F4550 device //////////////// 
.................... #device PIC18F4550 
.................... #list 
....................  
.................... #device adc=8 
....................  
.................... #FUSES NOWDT                 	//No Watch Dog Timer 
.................... #FUSES WDT128                	//Watch Dog Timer uses 1:128 Postscale 
.................... #FUSES INTRC_IO              	//Internal RC Osc, no CLKOUT 
.................... #FUSES NOPROTECT             	//Code not protected from reading 
.................... #FUSES NOBROWNOUT            	//No brownout reset 
.................... #FUSES BORV46                	//Brownout reset at 4.6V 
.................... #FUSES PUT                   	//Power Up Timer 
.................... #FUSES NOCPD                 	//No EE protection 
.................... #FUSES STVREN                	//Stack full/underflow will cause reset 
.................... #FUSES NODEBUG               	//No Debug mode for ICD 
.................... #FUSES NOLVP                 	//No low voltage prgming, B3(PIC16) or B5(PIC18) used for I/O 
.................... #FUSES NOWRT                 	//Program memory not write protected 
.................... #FUSES NOWRTD                	//Data EEPROM not write protected 
.................... #FUSES IESO                  	//Internal External Switch Over mode enabled 
.................... #FUSES FCMEN                 	//Fail-safe clock monitor enabled 
.................... #FUSES NOPBADEN              	//PORTB pins are configured as digital I/O on RESET 
.................... #FUSES NOWRTC                	//configuration not registers write protected 
.................... #FUSES NOWRTB                	//Boot block not write protected 
.................... #FUSES NOEBTR                	//Memory not protected from table reads 
.................... #FUSES NOEBTRB               	//Boot block not protected from table reads 
.................... #FUSES NOCPB                 	//No Boot Block code protection 
.................... #FUSES NOMCLR                	//Master Clear pin used for I/O 
.................... #FUSES LPT1OSC               	//Timer1 configured for low-power operation 
.................... #FUSES NOXINST               	//Extended set extension and Indexed Addressing mode disabled (Legacy mode) 
.................... #FUSES PLL12                 	//Divide By 12(48MHz oscillator input) 
.................... #FUSES CPUDIV4               	//System Clock by 4 
.................... #FUSES USBDIV                	//USB clock source comes from PLL divide by 2 
.................... #FUSES VREGEN                	//USB voltage regulator enabled 
.................... #FUSES ICPRT                 	//ICPRT enabled 
....................  
.................... #use delay(clock=8000000) 
0004:  CLRF   FEA
0006:  MOVLW  06
0008:  MOVWF  FE9
000A:  MOVF   FEF,W
000C:  BZ    0028
000E:  MOVLW  02
0010:  MOVWF  01
0012:  CLRF   00
0014:  DECFSZ 00,F
0016:  BRA    0014
0018:  DECFSZ 01,F
001A:  BRA    0012
001C:  MOVLW  97
001E:  MOVWF  00
0020:  DECFSZ 00,F
0022:  BRA    0020
0024:  DECFSZ FEF,F
0026:  BRA    000E
0028:  RETLW  00
....................  
....................  
.................... #define retardo 500 
....................  
....................  
.................... void main() 
.................... { 
002A:  CLRF   FF8
002C:  BCF    FD0.7
002E:  CLRF   FEA
0030:  CLRF   FE9
0032:  MOVLW  70
0034:  MOVWF  FD3
0036:  MOVF   FD3,W
0038:  MOVF   FC1,W
003A:  ANDLW  C0
003C:  IORLW  0F
003E:  MOVWF  FC1
0040:  MOVLW  07
0042:  MOVWF  FB4
....................  
....................    setup_oscillator(OSC_8MHZ|OSC_INTRC|OSC_31250|OSC_PLL_OFF); 
0044:  MOVLW  72
0046:  MOVWF  FD3
0048:  MOVLW  80
004A:  MOVWF  F9B
004C:  MOVF   FD3,W
....................  
....................    // TODO: USER CODE!! 
....................  
....................    set_tris_b(0x00); 
004E:  MOVLW  00
0050:  MOVWF  F93
....................     
....................    while(1){ 
....................       output_high(PIN_B2); //Verde 1 Prende 
0052:  BCF    F93.2
0054:  BSF    F8A.2
....................       delay_ms(retardo); 
0056:  MOVLW  02
0058:  MOVWF  05
005A:  MOVLW  FA
005C:  MOVWF  06
005E:  RCALL  0004
0060:  DECFSZ 05,F
0062:  BRA    005A
....................       output_low(PIN_B2); //Verde 1 se apaga 
0064:  BCF    F93.2
0066:  BCF    F8A.2
....................       delay_ms(retardo); 
0068:  MOVLW  02
006A:  MOVWF  05
006C:  MOVLW  FA
006E:  MOVWF  06
0070:  RCALL  0004
0072:  DECFSZ 05,F
0074:  BRA    006C
....................       } 
0076:  BRA    0052
.................... } 
0078:  SLEEP 

Configuration Fuses:
   Word  1: C83F   INTRC_IO IESO FCMEN PLL12 CPUDIV4 USBDIV
   Word  2: 0E20   NOBROWNOUT WDT128 NOWDT BORV46 PUT VREGEN
   Word  3: 0500   NOPBADEN CCP2C1 NOMCLR LPT1OSC
   Word  4: 00A1   STVREN NODEBUG NOLVP NOXINST ICPRT
   Word  5: C00F   NOPROTECT NOCPD NOCPB
   Word  6: E00F   NOWRT NOWRTD NOWRTC NOWRTB
   Word  7: 400F   NOEBTR NOEBTRB
