
ROM used: 122 (0%)
          122 (0%) including unused fragments

          0 Average locations per line
          15 Average locations per statement

RAM used: 5 (0%) at main() level
          6 (0%) worst case

Stack used: 1 worst case (out of 31 total available)

Lines Stmts  %   Files
----- ----- ---  -----
   21     8 100  main.c
   36     0   0  main.h
  451     0   0  C:\Program Files (x86)\PICC\devices\18F4550.h
----- -----
  508     8 Total

Page ROM  %  RAM   Vol Diff  Functions:
---- --- --- ---   --- ----  ----------
0     38  16   1             @delay_ms1
0     80  33   1   163  2.2  main

Program metrics:
    Functions               1
    Statements              8
    Comments                106
    Volume (V)              165
    Difficilty (D)          2.1
    Effort to implement (E) 347
    Time to implement (T)   0 minutes
    Est Delivered Bugs (B)  0
    Cyclomatic Complexity   1
    Maintainability (MI)    99

 Segment     Used  Free
-----------  ----  ----
00000-00002     4  0  
00004-07FFE   118  32646  



