
ROM used: 3326 (10%)
          3326 (10%) including unused fragments

          4 Average locations per line
          32 Average locations per statement

RAM used: 20 (1%) at main() level
          42 (2%) worst case

Stack used: 6 worst case (out of 31 total available)

Lines Stmts  %   Files
----- ----- ---  -----
   71    38  36  main.c
   36     0   0  main.h
  451     0   0  C:\Program Files (x86)\PICC\devices\18F4550.h
  348    67  64  C:\Program Files (x86)\PICC\drivers\lcd.c
----- -----
  906   105 Total

Page ROM  %  RAM   Vol Diff  Functions:
---- --- --- ---   --- ----  ----------
0     38   1   1             @delay_ms1
0     20   0   0             @const76
0     62   1   3   587  6.0  lcd_read_byte
0     12   0   0    59  4.2  lcd_read_nibble
0     26   0   1   172  3.4  lcd_send_nibble
0     52   1   3   317  4.3  lcd_send_byte
0     96   1   2   624  5.8  lcd_init
0     34   1   4   186  5.5  lcd_gotoxy
0     68   1   1   272  4.1  lcd_putc
0    976  15  16  1510  5.3  MAIN
0     12   0   0             @const104
0     34   1   2             @PSTRINGC_93
0     56   1   2             @ITOF
0    348   5  14             @DIVFF
0    242   4  11             @MULFF
0    618   9  16             @ADDFF
0     18   0   0             @const119
0     30   0   3             @PSTRINGCN_93
0     64   1   5             @FTOSD
0    122   2  13             @DIV3232
0    382   6  13             @PRINTF_L32D_93FPFPF
0     12   0   0             @const130

Program metrics:
    Functions               8
    Statements              105
    Comments                196
    Volume (V)              5446
    Difficilty (D)          35.9
    Effort to implement (E) 195505
    Time to implement (T)   3 hours, 1 minutes
    Est Delivered Bugs (B)  1
    Cyclomatic Complexity   7
    Maintainability (MI)    144

 Segment     Used  Free
-----------  ----  ----
00000-00002     4  0  
00004-07FFE  3322  29442  



