
ROM used: 946 (3%)
          946 (3%) including unused fragments

          1 Average locations per line
          8 Average locations per statement

RAM used: 6 (0%) at main() level
          22 (1%) worst case

Stack used: 6 worst case (out of 31 total available)

Lines Stmts  %   Files
----- ----- ---  -----
   72    47  41  main.c
   36     0   0  main.h
  451     0   0  C:\Program Files (x86)\PICC\devices\18F4550.h
  348    67  59  C:\Program Files (x86)\PICC\drivers\lcd.c
----- -----
  907   114 Total

Page ROM  %  RAM   Vol Diff  Functions:
---- --- --- ---   --- ----  ----------
0     38   2   1             @delay_ms1
0     20   1   0             @const76
0     62   3   3   587  6.0  lcd_read_byte
0     12   1   0    59  4.2  lcd_read_nibble
0     26   1   1   172  3.4  lcd_send_nibble
0     52   3   3   317  4.3  lcd_send_byte
0     96   5   2   624  5.8  lcd_init
0     34   2   4   186  5.5  lcd_gotoxy
0     68   4   1   272  4.1  lcd_putc
0    292  15   0  1469  5.8  MAIN
0     40   2   3             @DIV88
0    202  11   6             @PRINTF_D_93

Program metrics:
    Functions               8
    Statements              114
    Comments                183
    Volume (V)              5374
    Difficilty (D)          37.6
    Effort to implement (E) 202294
    Time to implement (T)   3 hours, 7 minutes
    Est Delivered Bugs (B)  1
    Cyclomatic Complexity   16
    Maintainability (MI)    139

 Segment     Used  Free
-----------  ----  ----
00000-00002     4  0  
00004-07FFE   942  31822  



