CCS PCH C Compiler, Version 4.104, 5967               22-abr.-18 11:08

               Filename: I:\Archivos\PIC\Clase 7\c7_1\main.lst

               ROM used: 920 bytes (3%)
                         Largest free fragment is 31016
               RAM used: 7 (0%) at main() level
                         17 (1%) worst case
               Stack:    5 locations

*
0000:  GOTO   020C
.................... #include "I:\Archivos\PIC\Clase 7\c7_1\main.h" 
.................... #include <18F4550.h> 
.................... //////// Standard Header file for the PIC18F4550 device //////////////// 
.................... #device PIC18F4550 
.................... #list 
....................  
.................... #device adc=8 
....................  
.................... #FUSES NOWDT                 	//No Watch Dog Timer 
.................... #FUSES WDT128                	//Watch Dog Timer uses 1:128 Postscale 
.................... #FUSES INTRC_IO              	//Internal RC Osc, no CLKOUT 
.................... #FUSES NOPROTECT             	//Code not protected from reading 
.................... #FUSES NOBROWNOUT            	//No brownout reset 
.................... #FUSES BORV20                	//Brownout reset at 2.0V 
.................... #FUSES PUT                   	//Power Up Timer 
.................... #FUSES NOCPD                 	//No EE protection 
.................... #FUSES STVREN                	//Stack full/underflow will cause reset 
.................... #FUSES NODEBUG               	//No Debug mode for ICD 
.................... #FUSES NOLVP                 	//No low voltage prgming, B3(PIC16) or B5(PIC18) used for I/O 
.................... #FUSES NOWRT                 	//Program memory not write protected 
.................... #FUSES NOWRTD                	//Data EEPROM not write protected 
.................... #FUSES IESO                  	//Internal External Switch Over mode enabled 
.................... #FUSES FCMEN                 	//Fail-safe clock monitor enabled 
.................... #FUSES NOPBADEN              	//PORTB pins are configured as digital I/O on RESET 
.................... #FUSES NOWRTC                	//configuration not registers write protected 
.................... #FUSES NOWRTB                	//Boot block not write protected 
.................... #FUSES NOEBTR                	//Memory not protected from table reads 
.................... #FUSES NOEBTRB               	//Boot block not protected from table reads 
.................... #FUSES NOCPB                 	//No Boot Block code protection 
.................... #FUSES NOMCLR                	//Master Clear pin used for I/O 
.................... #FUSES LPT1OSC               	//Timer1 configured for low-power operation 
.................... #FUSES NOXINST               	//Extended set extension and Indexed Addressing mode disabled (Legacy mode) 
.................... #FUSES PLL12                 	//Divide By 12(48MHz oscillator input) 
.................... #FUSES CPUDIV4               	//System Clock by 4 
.................... #FUSES USBDIV                	//USB clock source comes from PLL divide by 2 
.................... #FUSES VREGEN                	//USB voltage regulator enabled 
.................... #FUSES ICPRT                 	//ICPRT enabled 
....................  
.................... #use delay(clock=8000000) 
*
0018:  CLRF   FEA
001A:  MOVLW  08
001C:  MOVWF  FE9
001E:  MOVF   FEF,W
0020:  BZ    003C
0022:  MOVLW  02
0024:  MOVWF  01
0026:  CLRF   00
0028:  DECFSZ 00,F
002A:  BRA    0028
002C:  DECFSZ 01,F
002E:  BRA    0026
0030:  MOVLW  97
0032:  MOVWF  00
0034:  DECFSZ 00,F
0036:  BRA    0034
0038:  DECFSZ FEF,F
003A:  BRA    0022
003C:  RETLW  00
....................  
....................  
....................  
....................  
.................... #define LCD_TYPE 2 
.................... #include <lcd.c> 
.................... /////////////////////////////////////////////////////////////////////////////// 
.................... ////                             LCD.C                                     //// 
.................... ////                 Driver for common LCD modules                         //// 
.................... ////                                                                       //// 
.................... ////  lcd_init()   Must be called before any other function.               //// 
.................... ////                                                                       //// 
.................... ////  lcd_putc(c)  Will display c on the next position of the LCD.         //// 
.................... ////                     The following have special meaning:               //// 
.................... ////                      \f  Clear display                                //// 
.................... ////                      \n  Go to start of second line                   //// 
.................... ////                      \b  Move back one position                       //// 
.................... ////                                                                       //// 
.................... ////  lcd_gotoxy(x,y) Set write position on LCD (upper left is 1,1)        //// 
.................... ////                                                                       //// 
.................... ////  lcd_getc(x,y)   Returns character at position x,y on LCD             //// 
.................... ////                                                                       //// 
.................... ////  CONFIGURATION                                                        //// 
.................... ////  The LCD can be configured in one of two ways: a.) port access or     //// 
.................... ////  b.) pin access.  Port access requires the entire 7 bit interface     //// 
.................... ////  connected to one GPIO port, and the data bits (D4:D7 of the LCD)     //// 
.................... ////  connected to sequential pins on the GPIO.  Pin access                //// 
.................... ////  has no requirements, all 7 bits of the control interface can         //// 
.................... ////  can be connected to any GPIO using several ports.                    //// 
.................... ////                                                                       //// 
.................... ////  To use port access, #define LCD_DATA_PORT to the SFR location of     //// 
.................... ////  of the GPIO port that holds the interface, -AND- edit LCD_PIN_MAP    //// 
.................... ////  of this file to configure the pin order.  If you are using a         //// 
.................... ////  baseline PIC (PCB), then LCD_OUTPUT_MAP and LCD_INPUT_MAP also must  //// 
.................... ////  be defined.                                                          //// 
.................... ////                                                                       //// 
.................... ////  Example of port access:                                              //// 
.................... ////     #define LCD_DATA_PORT getenv("SFR:PORTD")                         //// 
.................... ////                                                                       //// 
.................... ////  To use pin access, the following pins must be defined:               //// 
.................... ////     LCD_ENABLE_PIN                                                    //// 
.................... ////     LCD_RS_PIN                                                        //// 
.................... ////     LCD_RW_PIN                                                        //// 
.................... ////     LCD_DATA4                                                         //// 
.................... ////     LCD_DATA5                                                         //// 
.................... ////     LCD_DATA6                                                         //// 
.................... ////     LCD_DATA7                                                         //// 
.................... ////                                                                       //// 
.................... ////  Example of pin access:                                               //// 
.................... ////     #define LCD_ENABLE_PIN  PIN_E0                                    //// 
.................... ////     #define LCD_RS_PIN      PIN_E1                                    //// 
.................... ////     #define LCD_RW_PIN      PIN_E2                                    //// 
.................... ////     #define LCD_DATA4       PIN_D4                                    //// 
.................... ////     #define LCD_DATA5       PIN_D5                                    //// 
.................... ////     #define LCD_DATA6       PIN_D6                                    //// 
.................... ////     #define LCD_DATA7       PIN_D7                                    //// 
.................... ////                                                                       //// 
.................... /////////////////////////////////////////////////////////////////////////////// 
.................... ////        (C) Copyright 1996,2009 Custom Computer Services           //// 
.................... //// This source code may only be used by licensed users of the CCS C  //// 
.................... //// compiler.  This source code may only be distributed to other      //// 
.................... //// licensed users of the CCS C compiler.  No other use, reproduction //// 
.................... //// or distribution is permitted without written permission.          //// 
.................... //// Derivative programs created using this software in object code    //// 
.................... //// form are not restricted in any way.                               //// 
.................... /////////////////////////////////////////////////////////////////////////// 
....................  
.................... // define the pinout. 
.................... // only required if port access is being used. 
.................... typedef struct   
.................... {                            // This structure is overlayed 
....................    BOOLEAN enable;           // on to an I/O port to gain 
....................    BOOLEAN rs;               // access to the LCD pins. 
....................    BOOLEAN rw;               // The bits are allocated from 
....................    BOOLEAN unused;           // low order up.  ENABLE will 
....................    int     data : 4;         // be LSB pin of that port. 
....................   #if defined(__PCD__)       // The port used will be LCD_DATA_PORT. 
....................    int    reserved: 8; 
....................   #endif 
.................... } LCD_PIN_MAP; 
....................  
.................... // this is to improve compatability with previous LCD drivers that accepted 
.................... // a define labeled 'use_portb_lcd' that configured the LCD onto port B. 
.................... #if ((defined(use_portb_lcd)) && (use_portb_lcd==TRUE)) 
....................  #define LCD_DATA_PORT getenv("SFR:PORTB") 
.................... #endif 
....................  
.................... #if defined(__PCB__) 
....................    // these definitions only need to be modified for baseline PICs. 
....................    // all other PICs use LCD_PIN_MAP or individual LCD_xxx pin definitions. 
.................... /*                                    EN, RS,   RW,   UNUSED,  DATA  */ 
....................  const LCD_PIN_MAP LCD_OUTPUT_MAP =  {0,  0,    0,    0,       0}; 
....................  const LCD_PIN_MAP LCD_INPUT_MAP =   {0,  0,    0,    0,       0xF}; 
.................... #endif 
....................  
.................... ////////////////////// END CONFIGURATION /////////////////////////////////// 
....................  
.................... #ifndef LCD_ENABLE_PIN 
....................    #define lcd_output_enable(x) lcdlat.enable=x 
....................    #define lcd_enable_tris()   lcdtris.enable=0 
.................... #else 
....................    #define lcd_output_enable(x) output_bit(LCD_ENABLE_PIN, x) 
....................    #define lcd_enable_tris()  output_drive(LCD_ENABLE_PIN) 
.................... #endif 
....................  
.................... #ifndef LCD_RS_PIN 
....................    #define lcd_output_rs(x) lcdlat.rs=x 
....................    #define lcd_rs_tris()   lcdtris.rs=0 
.................... #else 
....................    #define lcd_output_rs(x) output_bit(LCD_RS_PIN, x) 
....................    #define lcd_rs_tris()  output_drive(LCD_RS_PIN) 
.................... #endif 
....................  
.................... #ifndef LCD_RW_PIN 
....................    #define lcd_output_rw(x) lcdlat.rw=x 
....................    #define lcd_rw_tris()   lcdtris.rw=0 
.................... #else 
....................    #define lcd_output_rw(x) output_bit(LCD_RW_PIN, x) 
....................    #define lcd_rw_tris()  output_drive(LCD_RW_PIN) 
.................... #endif 
....................  
.................... // original version of this library incorrectly labeled LCD_DATA0 as LCD_DATA4, 
.................... // LCD_DATA1 as LCD_DATA5, and so on.  this block of code makes the driver 
.................... // compatible with any code written for the original library 
.................... #if (defined(LCD_DATA0) && defined(LCD_DATA1) && defined(LCD_DATA2) && defined(LCD_DATA3) && !defined(LCD_DATA4) && !defined(LCD_DATA5) && !defined(LCD_DATA6) && !defined(LCD_DATA7)) 
....................    #define  LCD_DATA4    LCD_DATA0 
....................    #define  LCD_DATA5    LCD_DATA1 
....................    #define  LCD_DATA6    LCD_DATA2 
....................    #define  LCD_DATA7    LCD_DATA3 
.................... #endif 
....................  
.................... #ifndef LCD_DATA4 
.................... #ifndef LCD_DATA_PORT 
....................    #if defined(__PCB__) 
....................       #define LCD_DATA_PORT      0x06     //portb 
....................       #define set_tris_lcd(x)   set_tris_b(x) 
....................    #else 
....................      #if defined(PIN_D0) 
....................       #define LCD_DATA_PORT      getenv("SFR:PORTD")     //portd 
....................      #else 
....................       #define LCD_DATA_PORT      getenv("SFR:PORTB")     //portb 
....................      #endif 
....................    #endif    
.................... #endif 
....................  
.................... #if defined(__PCB__) 
....................    LCD_PIN_MAP lcd, lcdlat; 
....................    #byte lcd = LCD_DATA_PORT 
....................    #byte lcdlat = LCD_DATA_PORT 
.................... #elif defined(__PCM__) 
....................    LCD_PIN_MAP lcd, lcdlat, lcdtris; 
....................    #byte lcd = LCD_DATA_PORT 
....................    #byte lcdlat = LCD_DATA_PORT 
....................    #byte lcdtris = LCD_DATA_PORT+0x80 
.................... #elif defined(__PCH__) 
....................    LCD_PIN_MAP lcd, lcdlat, lcdtris; 
....................    #byte lcd = LCD_DATA_PORT 
....................    #byte lcdlat = LCD_DATA_PORT+9 
....................    #byte lcdtris = LCD_DATA_PORT+0x12 
.................... #elif defined(__PCD__) 
....................    LCD_PIN_MAP lcd, lcdlat, lcdtris; 
....................    #word lcd = LCD_DATA_PORT 
....................    #word lcdlat = LCD_DATA_PORT+2 
....................    #word lcdtris = LCD_DATA_PORT-0x02 
.................... #endif 
.................... #endif   //LCD_DATA4 not defined 
....................  
.................... #ifndef LCD_TYPE 
....................    #define LCD_TYPE 2           // 0=5x7, 1=5x10, 2=2 lines 
.................... #endif 
....................  
.................... #ifndef LCD_LINE_TWO 
....................    #define LCD_LINE_TWO 0x40    // LCD RAM address for the second line 
.................... #endif 
....................  
.................... BYTE const LCD_INIT_STRING[4] = {0x20 | (LCD_TYPE << 2), 0xc, 1, 6}; 
....................                              // These bytes need to be sent to the LCD 
....................                              // to start it up. 
....................  
.................... BYTE lcd_read_nibble(void); 
....................  
.................... BYTE lcd_read_byte(void) 
.................... { 
....................    BYTE low,high; 
....................  
....................  #if defined(__PCB__) 
....................    set_tris_lcd(LCD_INPUT_MAP); 
....................  #else 
....................   #if (defined(LCD_DATA4) && defined(LCD_DATA5) && defined(LCD_DATA6) && defined(LCD_DATA7)) 
....................    output_float(LCD_DATA4); 
....................    output_float(LCD_DATA5); 
....................    output_float(LCD_DATA6); 
....................    output_float(LCD_DATA7); 
....................   #else 
....................    lcdtris.data = 0xF; 
*
0064:  MOVLW  0F
0066:  ANDWF  F95,W
0068:  IORLW  F0
006A:  MOVWF  F95
....................   #endif 
....................  #endif 
....................          
....................    lcd_output_rw(1); 
006C:  BSF    F8C.2
....................    delay_cycles(1); 
006E:  NOP   
....................    lcd_output_enable(1); 
0070:  BSF    F8C.0
....................    delay_cycles(1); 
0072:  NOP   
....................    high = lcd_read_nibble(); 
0074:  RCALL  0058
0076:  MOVFF  01,0F
....................        
....................    lcd_output_enable(0); 
007A:  BCF    F8C.0
....................    delay_cycles(1); 
007C:  NOP   
....................    lcd_output_enable(1); 
007E:  BSF    F8C.0
....................    delay_us(1); 
0080:  BRA    0082
....................    low = lcd_read_nibble(); 
0082:  RCALL  0058
0084:  MOVFF  01,0E
....................        
....................    lcd_output_enable(0); 
0088:  BCF    F8C.0
....................  
....................  #if defined(__PCB__) 
....................    set_tris_lcd(LCD_INPUT_MAP); 
....................  #else 
....................   #if (defined(LCD_DATA4) && defined(LCD_DATA5) && defined(LCD_DATA6) && defined(LCD_DATA7)) 
....................    output_drive(LCD_DATA4); 
....................    output_drive(LCD_DATA5); 
....................    output_drive(LCD_DATA6); 
....................    output_drive(LCD_DATA7); 
....................   #else 
....................    lcdtris.data = 0x0; 
008A:  MOVLW  0F
008C:  ANDWF  F95,W
008E:  MOVWF  F95
....................   #endif 
....................  #endif 
....................  
....................    return( (high<<4) | low); 
0090:  SWAPF  0F,W
0092:  MOVWF  00
0094:  MOVLW  F0
0096:  ANDWF  00,F
0098:  MOVF   00,W
009A:  IORWF  0E,W
009C:  MOVWF  01
.................... } 
009E:  GOTO   00A6 (RETURN)
....................  
.................... BYTE lcd_read_nibble(void) 
.................... { 
....................   #if (defined(LCD_DATA4) && defined(LCD_DATA5) && defined(LCD_DATA6) && defined(LCD_DATA7)) 
....................    BYTE n = 0x00; 
....................  
....................    /* Read the data port */ 
....................    n |= input(LCD_DATA4); 
....................    n |= input(LCD_DATA5) << 1; 
....................    n |= input(LCD_DATA6) << 2; 
....................    n |= input(LCD_DATA7) << 3; 
....................     
....................    return(n); 
....................   #else 
....................    return(lcd.data); 
*
0058:  MOVF   F83,W
005A:  MOVWF  00
005C:  SWAPF  00,W
005E:  ANDLW  0F
0060:  MOVWF  01
....................   #endif 
.................... } 
0062:  RETLW  00
....................  
.................... void lcd_send_nibble(BYTE n) 
.................... { 
....................   #if (defined(LCD_DATA4) && defined(LCD_DATA5) && defined(LCD_DATA6) && defined(LCD_DATA7)) 
....................    /* Write to the data port */ 
....................    output_bit(LCD_DATA4, bit_test(n, 0)); 
....................    output_bit(LCD_DATA5, bit_test(n, 1)); 
....................    output_bit(LCD_DATA6, bit_test(n, 2)); 
....................    output_bit(LCD_DATA7, bit_test(n, 3)); 
....................   #else       
....................    lcdlat.data = n; 
*
003E:  SWAPF  0F,W
0040:  ANDLW  F0
0042:  MOVWF  00
0044:  MOVLW  0F
0046:  ANDWF  F8C,W
0048:  IORWF  00,W
004A:  MOVWF  F8C
....................   #endif 
....................        
....................    delay_cycles(1); 
004C:  NOP   
....................    lcd_output_enable(1); 
004E:  BSF    F8C.0
....................    delay_us(2); 
0050:  BRA    0052
0052:  BRA    0054
....................    lcd_output_enable(0); 
0054:  BCF    F8C.0
.................... } 
0056:  RETLW  00
....................  
.................... void lcd_send_byte(BYTE address, BYTE n) 
.................... { 
....................    lcd_output_rs(0); 
*
00A2:  BCF    F8C.1
....................    while ( bit_test(lcd_read_byte(),7) ) ; 
00A4:  BRA    0064
00A6:  MOVFF  01,0E
00AA:  BTFSC  01.7
00AC:  BRA    00A4
....................    lcd_output_rs(address); 
00AE:  BCF    F8C.1
00B0:  BTFSC  0C.0
00B2:  BSF    F8C.1
....................    delay_cycles(1); 
00B4:  NOP   
....................    lcd_output_rw(0); 
00B6:  BCF    F8C.2
....................    delay_cycles(1); 
00B8:  NOP   
....................    lcd_output_enable(0); 
00BA:  BCF    F8C.0
....................    lcd_send_nibble(n >> 4); 
00BC:  SWAPF  0D,W
00BE:  MOVWF  0E
00C0:  MOVLW  0F
00C2:  ANDWF  0E,F
00C4:  MOVFF  0E,0F
00C8:  RCALL  003E
....................    lcd_send_nibble(n & 0xf); 
00CA:  MOVF   0D,W
00CC:  ANDLW  0F
00CE:  MOVWF  0E
00D0:  MOVWF  0F
00D2:  RCALL  003E
.................... } 
00D4:  RETLW  00
....................  
.................... void lcd_init(void)  
.................... { 
....................    BYTE i; 
....................  
....................  #if defined(__PCB__) 
....................    set_tris_lcd(LCD_OUTPUT_MAP); 
....................  #else 
....................   #if (defined(LCD_DATA4) && defined(LCD_DATA5) && defined(LCD_DATA6) && defined(LCD_DATA7)) 
....................    output_drive(LCD_DATA4); 
....................    output_drive(LCD_DATA5); 
....................    output_drive(LCD_DATA6); 
....................    output_drive(LCD_DATA7); 
....................   #else 
....................    lcdtris.data = 0x0; 
00D6:  MOVLW  0F
00D8:  ANDWF  F95,W
00DA:  MOVWF  F95
....................   #endif 
....................    lcd_enable_tris(); 
00DC:  BCF    F95.0
....................    lcd_rs_tris(); 
00DE:  BCF    F95.1
....................    lcd_rw_tris(); 
00E0:  BCF    F95.2
....................  #endif 
....................  
....................    lcd_output_rs(0); 
00E2:  BCF    F8C.1
....................    lcd_output_rw(0); 
00E4:  BCF    F8C.2
....................    lcd_output_enable(0); 
00E6:  BCF    F8C.0
....................      
....................    delay_ms(15); 
00E8:  MOVLW  0F
00EA:  MOVWF  08
00EC:  RCALL  0018
....................    for(i=1;i<=3;++i) 
00EE:  MOVLW  01
00F0:  MOVWF  07
00F2:  MOVF   07,W
00F4:  SUBLW  03
00F6:  BNC   0108
....................    { 
....................        lcd_send_nibble(3); 
00F8:  MOVLW  03
00FA:  MOVWF  0F
00FC:  RCALL  003E
....................        delay_ms(5); 
00FE:  MOVLW  05
0100:  MOVWF  08
0102:  RCALL  0018
....................    } 
0104:  INCF   07,F
0106:  BRA    00F2
....................      
....................    lcd_send_nibble(2); 
0108:  MOVLW  02
010A:  MOVWF  0F
010C:  RCALL  003E
....................    for(i=0;i<=3;++i) 
010E:  CLRF   07
0110:  MOVF   07,W
0112:  SUBLW  03
0114:  BNC   0132
....................       lcd_send_byte(0,LCD_INIT_STRING[i]); 
0116:  CLRF   03
0118:  MOVF   07,W
011A:  MOVFF  FF2,08
011E:  BCF    FF2.7
0120:  RCALL  0004
0122:  BTFSC  08.7
0124:  BSF    FF2.7
0126:  MOVWF  08
0128:  CLRF   0C
012A:  MOVWF  0D
012C:  RCALL  00A2
012E:  INCF   07,F
0130:  BRA    0110
.................... } 
0132:  GOTO   022C (RETURN)
....................  
.................... void lcd_gotoxy(BYTE x, BYTE y) 
.................... { 
....................    BYTE address; 
....................  
....................    if(y!=1) 
*
01A6:  DECFSZ 09,W
01A8:  BRA    01AC
01AA:  BRA    01B2
....................       address=LCD_LINE_TWO; 
01AC:  MOVLW  40
01AE:  MOVWF  0A
....................    else 
01B0:  BRA    01B4
....................       address=0; 
01B2:  CLRF   0A
....................       
....................    address+=x-1; 
01B4:  MOVLW  01
01B6:  SUBWF  08,W
01B8:  ADDWF  0A,F
....................    lcd_send_byte(0,0x80|address); 
01BA:  MOVF   0A,W
01BC:  IORLW  80
01BE:  MOVWF  0B
01C0:  CLRF   0C
01C2:  MOVWF  0D
01C4:  RCALL  00A2
.................... } 
01C6:  RETLW  00
....................  
.................... void lcd_putc(char c) 
.................... { 
....................    switch (c) 
....................    { 
01C8:  MOVF   07,W
01CA:  XORLW  0C
01CC:  BZ    01D8
01CE:  XORLW  06
01D0:  BZ    01E8
01D2:  XORLW  02
01D4:  BZ    01F4
01D6:  BRA    01FE
....................       case '\f'   :  lcd_send_byte(0,1); 
01D8:  CLRF   0C
01DA:  MOVLW  01
01DC:  MOVWF  0D
01DE:  RCALL  00A2
....................                      delay_ms(2); 
01E0:  MOVLW  02
01E2:  MOVWF  08
01E4:  RCALL  0018
....................                      break; 
01E6:  BRA    020A
....................                       
....................       case '\n'   : lcd_gotoxy(1,2);        break; 
01E8:  MOVLW  01
01EA:  MOVWF  08
01EC:  MOVLW  02
01EE:  MOVWF  09
01F0:  RCALL  01A6
01F2:  BRA    020A
....................       
....................       case '\b'   : lcd_send_byte(0,0x10);  break; 
01F4:  CLRF   0C
01F6:  MOVLW  10
01F8:  MOVWF  0D
01FA:  RCALL  00A2
01FC:  BRA    020A
....................       
....................       default     : lcd_send_byte(1,c);     break; 
01FE:  MOVLW  01
0200:  MOVWF  0C
0202:  MOVFF  07,0D
0206:  RCALL  00A2
0208:  BRA    020A
....................    } 
.................... } 
020A:  RETLW  00
....................   
.................... char lcd_getc(BYTE x, BYTE y) 
.................... { 
....................    char value; 
....................  
....................    lcd_gotoxy(x,y); 
....................    while ( bit_test(lcd_read_byte(),7) ); // wait until busy flag is low 
....................    lcd_output_rs(1); 
....................    value = lcd_read_byte(); 
....................    lcd_output_rs(0); 
....................     
....................    return(value); 
.................... } 
....................  
.................... #define re 50 
....................  
.................... int s,e; 
.................... int h=0xFF; 
....................  
....................  
.................... void main() 
.................... { 
020C:  CLRF   FF8
020E:  BCF    FD0.7
0210:  CLRF   FEA
0212:  CLRF   FE9
0214:  MOVLW  70
0216:  MOVWF  FD3
0218:  MOVF   FD3,W
021A:  MOVLW  FF
021C:  MOVWF  06
021E:  MOVF   FC1,W
0220:  ANDLW  C0
0222:  IORLW  0F
0224:  MOVWF  FC1
0226:  MOVLW  07
0228:  MOVWF  FB4
....................    lcd_init(); 
022A:  BRA    00D6
....................    setup_adc_ports(NO_ANALOGS|VSS_VDD); 
022C:  MOVF   FC1,W
022E:  ANDLW  C0
0230:  IORLW  0F
0232:  MOVWF  FC1
....................    setup_adc(ADC_CLOCK_DIV_2); 
0234:  BCF    FC0.0
0236:  BCF    FC0.1
0238:  BCF    FC0.2
023A:  BCF    FC0.7
023C:  BSF    FC2.0
....................    setup_psp(PSP_DISABLED); 
023E:  BCF    F96.4
....................    setup_spi(SPI_SS_DISABLED); 
0240:  BCF    FC6.5
0242:  BCF    F94.7
0244:  BSF    F93.0
0246:  BCF    F93.1
0248:  MOVLW  01
024A:  MOVWF  FC6
024C:  MOVLW  00
024E:  MOVWF  FC7
....................    setup_wdt(WDT_OFF); 
0250:  BCF    FD1.0
....................    setup_timer_0(RTCC_INTERNAL); 
0252:  MOVLW  80
0254:  MOVWF  FD5
....................    setup_timer_1(T1_DISABLED); 
0256:  CLRF   FCD
....................    setup_timer_2(T2_DISABLED,0,1); 
0258:  MOVLW  00
025A:  MOVWF  FCA
025C:  MOVLW  00
025E:  MOVWF  FCB
....................    setup_timer_3(T3_DISABLED|T3_DIV_BY_1); 
0260:  CLRF   FB1
....................    setup_comparator(NC_NC_NC_NC); 
0262:  MOVLW  07
0264:  MOVWF  FB4
0266:  MOVF   F92,W
0268:  MOVWF  F92
026A:  MOVLW  06
026C:  MOVWF  00
026E:  DECFSZ 00,F
0270:  BRA    026E
0272:  NOP   
0274:  MOVF   FB4,W
0276:  BCF    FA1.6
....................    setup_vref(FALSE); 
0278:  CLRF   FB5
....................    setup_oscillator(OSC_8MHZ|OSC_INTRC|OSC_31250|OSC_PLL_OFF); 
027A:  MOVLW  72
027C:  MOVWF  FD3
027E:  MOVLW  80
0280:  MOVWF  F9B
0282:  MOVF   FD3,W
....................  
....................    // TODO: USER CODE!! 
....................  
....................    set_tris_b(0xF0); 
0284:  MOVLW  F0
0286:  MOVWF  F93
....................    set_tris_d(0x00); 
0288:  MOVLW  00
028A:  MOVWF  F95
....................    set_tris_a(0x00); 
028C:  MOVWF  F92
....................     
....................    while(1){ 
....................        
....................       output_high(PIN_A1);//Inicia un ciclo 
028E:  BCF    F92.1
0290:  BSF    F89.1
....................           
....................       output_b(0xFF);//Salidas encendidas, estado de reposo del Teclado 
0292:  CLRF   F93
0294:  MOVLW  FF
0296:  MOVWF  F8A
....................        
....................       if(input(PIN_B4)||input(PIN_B5)||input(PIN_B6)){//Revisar si alguna de las columnas esta encendida 
0298:  BSF    F93.4
029A:  BTFSC  F81.4
029C:  BRA    02AA
029E:  BSF    F93.5
02A0:  BTFSC  F81.5
02A2:  BRA    02AA
02A4:  BSF    F93.6
02A6:  BTFSS  F81.6
02A8:  BRA    0310
....................          output_b(0x00); //Apagar todas las salidas 
02AA:  CLRF   F93
02AC:  CLRF   F8A
....................          delay_ms(re); 
02AE:  MOVLW  32
02B0:  MOVWF  08
02B2:  RCALL  0018
....................          for(s=0x01; s<=0x02; s*=2){ //Se recorren todas las salidas 
02B4:  MOVLW  01
02B6:  MOVWF  04
02B8:  MOVF   04,W
02BA:  SUBLW  02
02BC:  BNC   0310
....................             output_b(s); //Se enciende cada salida 
02BE:  CLRF   F93
02C0:  MOVFF  04,F8A
....................             delay_ms(re); //Esperamos un momento antes de leer las entradas 
02C4:  MOVLW  32
02C6:  MOVWF  08
02C8:  RCALL  0018
....................             for(e=0x10; e<=0x40; e*=2){ //Se recorren todas las entradas 
02CA:  MOVLW  10
02CC:  MOVWF  05
02CE:  MOVF   05,W
02D0:  SUBLW  40
02D2:  BNC   030A
....................                if(input(e)); //Si alguna entrada esta encendida 
02D4:  MOVFF  05,07
02D8:  MOVLW  01
02DA:  MOVWF  08
02DC:  MOVLW  0F
02DE:  MOVWF  0A
02E0:  MOVLW  92
02E2:  MOVWF  09
02E4:  BRA    0136
02E6:  MOVFF  05,07
02EA:  MOVLW  0F
02EC:  MOVWF  09
02EE:  MOVLW  80
02F0:  MOVWF  08
02F2:  BRA    0176
02F4:  BTFSS  01.0
02F6:  BRA    02F8
....................                   { 
....................                      h=e+s; //Se obtiene un numero hexadecimal que nos indica la posicion del boton que se presiono 
02F8:  MOVF   04,W
02FA:  ADDWF  05,W
02FC:  MOVWF  06
....................                   } 
....................             delay_ms(re); 
02FE:  MOVLW  32
0300:  MOVWF  08
0302:  RCALL  0018
....................             } 
0304:  BCF    FD8.0
0306:  RLCF   05,F
0308:  BRA    02CE
....................          } 
030A:  BCF    FD8.0
030C:  RLCF   04,F
030E:  BRA    02B8
....................       } 
....................        
....................       lcd_gotoxy(5,1); 
0310:  MOVLW  05
0312:  MOVWF  08
0314:  MOVLW  01
0316:  MOVWF  09
0318:  RCALL  01A6
....................       switch(h){ //Se evalua el numero hexadecimal y se imprime una letra en la pantalla deacuerdo a cada uno 
031A:  MOVF   06,W
031C:  XORLW  11
031E:  BZ    0336
0320:  XORLW  30
0322:  BZ    0344
0324:  XORLW  60
0326:  BZ    0352
0328:  XORLW  53
032A:  BZ    0360
032C:  XORLW  30
032E:  BZ    036E
0330:  XORLW  60
0332:  BZ    037C
0334:  BRA    038A
....................          case(0x11): 
....................             printf(lcd_putc,"\fa"); 
0336:  MOVLW  0C
0338:  MOVWF  07
033A:  RCALL  01C8
033C:  MOVLW  61
033E:  MOVWF  07
0340:  RCALL  01C8
....................             break; 
0342:  BRA    038A
....................          case(0x21): 
....................             printf(lcd_putc,"\fb"); 
0344:  MOVLW  0C
0346:  MOVWF  07
0348:  RCALL  01C8
034A:  MOVLW  62
034C:  MOVWF  07
034E:  RCALL  01C8
....................             break; 
0350:  BRA    038A
....................          case (0x41): 
....................             printf(lcd_putc,"\fc"); 
0352:  MOVLW  0C
0354:  MOVWF  07
0356:  RCALL  01C8
0358:  MOVLW  63
035A:  MOVWF  07
035C:  RCALL  01C8
....................             break; 
035E:  BRA    038A
....................          case(0x12): 
....................             printf(lcd_putc,"\fd"); 
0360:  MOVLW  0C
0362:  MOVWF  07
0364:  RCALL  01C8
0366:  MOVLW  64
0368:  MOVWF  07
036A:  RCALL  01C8
....................             break; 
036C:  BRA    038A
....................          case(0x22): 
....................             printf(lcd_putc,"\fe"); 
036E:  MOVLW  0C
0370:  MOVWF  07
0372:  RCALL  01C8
0374:  MOVLW  65
0376:  MOVWF  07
0378:  RCALL  01C8
....................             break; 
037A:  BRA    038A
....................          case (0x42): 
....................             printf(lcd_putc,"\ff"); 
037C:  MOVLW  0C
037E:  MOVWF  07
0380:  RCALL  01C8
0382:  MOVLW  66
0384:  MOVWF  07
0386:  RCALL  01C8
....................             break; 
0388:  BRA    038A
....................       } 
....................          delay_ms(100); 
038A:  MOVLW  64
038C:  MOVWF  08
038E:  RCALL  0018
....................        
....................        
....................       output_low(PIN_A1);//Termina un ciclo       
0390:  BCF    F92.1
0392:  BCF    F89.1
....................    } 
0394:  BRA    028E
....................     
....................     
....................     
.................... } 
0396:  BRA    0396

Configuration Fuses:
   Word  1: C83F   INTRC_IO IESO FCMEN PLL12 CPUDIV4 USBDIV
   Word  2: 0E39   NOBROWNOUT WDT128 NOWDT BORV20 NOPUT VREGEN
   Word  3: 0500   NOPBADEN CCP2C1 NOMCLR LPT1OSC
   Word  4: 0020   NOSTVREN DEBUG NOLVP NOXINST ICPRT
   Word  5: C00F   NOPROTECT NOCPD NOCPB
   Word  6: E00F   NOWRT NOWRTD NOWRTC NOWRTB
   Word  7: 400F   NOEBTR NOEBTRB
