CCS PCH C Compiler, Version 4.104, 5967               10-mar.-18 20:54

               Filename: F:\Archivos\PIC\Clase2\semaforo\semaforo.lst

               ROM used: 118 bytes (0%)
                         Largest free fragment is 32650
               RAM used: 5 (0%) at main() level
                         7 (0%) worst case
               Stack:    1 locations

*
0000:  GOTO   002C
.................... #include "F:\Archivos\PIC\Clase2\semaforo\semaforo.h" 
.................... #include <18F4550.h> 
.................... //////// Standard Header file for the PIC18F4550 device //////////////// 
.................... #device PIC18F4550 
.................... #list 
....................  
.................... #device adc=8 
....................  
.................... #FUSES NOWDT                 	//No Watch Dog Timer 
.................... #FUSES WDT128                	//Watch Dog Timer uses 1:128 Postscale 
.................... #FUSES EC                    	//External clock with CLKOUT 
.................... #FUSES NOPROTECT             	//Code not protected from reading 
.................... #FUSES NOBROWNOUT            	//No brownout reset 
.................... #FUSES BORV20                	//Brownout reset at 2.0V 
.................... #FUSES PUT                   	//Power Up Timer 
.................... #FUSES NOCPD                 	//No EE protection 
.................... #FUSES STVREN                	//Stack full/underflow will cause reset 
.................... #FUSES NODEBUG               	//No Debug mode for ICD 
.................... #FUSES NOLVP                 	//No low voltage prgming, B3(PIC16) or B5(PIC18) used for I/O 
.................... #FUSES NOWRT                 	//Program memory not write protected 
.................... #FUSES NOWRTD                	//Data EEPROM not write protected 
.................... #FUSES IESO                  	//Internal External Switch Over mode enabled 
.................... #FUSES FCMEN                 	//Fail-safe clock monitor enabled 
.................... #FUSES NOPBADEN              	//PORTB pins are configured as digital I/O on RESET 
.................... #FUSES NOWRTC                	//configuration not registers write protected 
.................... #FUSES NOWRTB                	//Boot block not write protected 
.................... #FUSES NOEBTR                	//Memory not protected from table reads 
.................... #FUSES NOEBTRB               	//Boot block not protected from table reads 
.................... #FUSES NOCPB                 	//No Boot Block code protection 
.................... #FUSES NOMCLR                	//Master Clear pin used for I/O 
.................... #FUSES LPT1OSC               	//Timer1 configured for low-power operation 
.................... #FUSES NOXINST               	//Extended set extension and Indexed Addressing mode disabled (Legacy mode) 
.................... #FUSES PLL12                 	//Divide By 12(48MHz oscillator input) 
.................... #FUSES CPUDIV4               	//System Clock by 4 
.................... #FUSES USBDIV                	//USB clock source comes from PLL divide by 2 
.................... #FUSES VREGEN                	//USB voltage regulator enabled 
.................... #FUSES ICPRT                 	//ICPRT enabled 
....................  
.................... #use delay(clock=8000000) 
0004:  CLRF   FEA
0006:  MOVLW  07
0008:  MOVWF  FE9
000A:  MOVF   FEF,W
000C:  BZ    0028
000E:  MOVLW  02
0010:  MOVWF  01
0012:  CLRF   00
0014:  DECFSZ 00,F
0016:  BRA    0014
0018:  DECFSZ 01,F
001A:  BRA    0012
001C:  MOVLW  97
001E:  MOVWF  00
0020:  DECFSZ 00,F
0022:  BRA    0020
0024:  DECFSZ FEF,F
0026:  BRA    000E
0028:  GOTO   0068 (RETURN)
....................  
....................  
....................  
....................  
.................... void main() 
.................... { 
002C:  CLRF   FF8
002E:  BCF    FD0.7
0030:  CLRF   FEA
0032:  CLRF   FE9
0034:  MOVF   FC1,W
0036:  ANDLW  C0
0038:  IORLW  0F
003A:  MOVWF  FC1
003C:  MOVLW  07
003E:  MOVWF  FB4
....................    setup_oscillator(OSC_8MHZ|OSC_INTRC|OSC_31250|OSC_PLL_OFF); 
0040:  MOVLW  72
0042:  MOVWF  FD3
0044:  MOVLW  80
0046:  MOVWF  F9B
0048:  MOVF   FD3,W
....................    set_tris_b(0x00); 
004A:  MOVLW  00
004C:  MOVWF  F93
....................     
....................    int num; 
....................     
....................    while(1){ 
....................       for (num=0x01;num<=0x04;num*=2){ 
004E:  MOVLW  01
0050:  MOVWF  05
0052:  MOVF   05,W
0054:  SUBLW  04
0056:  BNC   0072
....................          output_b(num); 
0058:  CLRF   F93
005A:  MOVFF  05,F8A
....................          delay_ms(700); 
005E:  MOVLW  04
0060:  MOVWF  06
0062:  MOVLW  AF
0064:  MOVWF  07
0066:  BRA    0004
0068:  DECFSZ 06,F
006A:  BRA    0062
....................       } 
006C:  BCF    FD8.0
006E:  RLCF   05,F
0070:  BRA    0052
....................    } 
0072:  BRA    004E
....................  
....................    // TODO: USER CODE!! 
.................... } 
0074:  SLEEP 

Configuration Fuses:
   Word  1: C53F   EC IESO FCMEN PLL12 CPUDIV4 USBDIV
   Word  2: 0E38   NOBROWNOUT WDT128 NOWDT BORV20 PUT VREGEN
   Word  3: 0500   NOPBADEN CCP2C1 NOMCLR LPT1OSC
   Word  4: 00A1   STVREN NODEBUG NOLVP NOXINST ICPRT
   Word  5: C00F   NOPROTECT NOCPD NOCPB
   Word  6: E00F   NOWRT NOWRTD NOWRTC NOWRTB
   Word  7: 400F   NOEBTR NOEBTRB
