
ROM used: 118 (0%)
          118 (0%) including unused fragments

          0 Average locations per line
          13 Average locations per statement

RAM used: 5 (0%) at main() level
          7 (0%) worst case

Stack used: 1 worst case (out of 31 total available)

Lines Stmts  %   Files
----- ----- ---  -----
   20     9 100  semaforo.c
   36     0   0  semaforo.h
  451     0   0  C:\Program Files (x86)\PICC\devices\18F4550.h
----- -----
  507     9 Total

Page ROM  %  RAM   Vol Diff  Functions:
---- --- --- ---   --- ----  ----------
0     40  17   1             @delay_ms1
0     74  31   1   223  4.1  main

Program metrics:
    Functions               1
    Statements              9
    Comments                104
    Volume (V)              225
    Difficilty (D)          3.9
    Effort to implement (E) 880
    Time to implement (T)   1 minutes
    Est Delivered Bugs (B)  0
    Cyclomatic Complexity   1
    Maintainability (MI)    102

 Segment     Used  Free
-----------  ----  ----
00000-00002     4  0  
00004-07FFE   114  32650  



